{"C:\\Users\\Kesha\\Downloads\\trial\\server\\config\\db.js": {"path":"C:\\Users\\Kesha\\Downloads\\trial\\server\\config\\db.js","statementMap":{"0":{"start":{"line":4,"column":22},"end":{"line":4,"column":42}},"1":{"start":{"line":5,"column":13},"end":{"line":5,"column":28}},"2":{"start":{"line":6,"column":0},"end":{"line":6,"column":27}},"3":{"start":{"line":8,"column":15},"end":{"line":8,"column":51}},"4":{"start":{"line":11,"column":0},"end":{"line":33,"column":1}},"5":{"start":{"line":13,"column":2},"end":{"line":13,"column":105}},"6":{"start":{"line":14,"column":2},"end":{"line":22,"column":4}},"7":{"start":{"line":15,"column":19},"end":{"line":19,"column":5}},"8":{"start":{"line":17,"column":49},"end":{"line":17,"column":51}},"9":{"start":{"line":24,"column":2},"end":{"line":32,"column":5}},"10":{"start":{"line":35,"column":0},"end":{"line":35,"column":27}}},"fnMap":{"0":{"name":"(anonymous_0)","decl":{"start":{"line":15,"column":12},"end":{"line":15,"column":13}},"loc":{"start":{"line":15,"column":19},"end":{"line":19,"column":5}},"line":15},"1":{"name":"(anonymous_1)","decl":{"start":{"line":16,"column":15},"end":{"line":16,"column":16}},"loc":{"start":{"line":16,"column":21},"end":{"line":16,"column":23}},"line":16},"2":{"name":"(anonymous_2)","decl":{"start":{"line":16,"column":36},"end":{"line":16,"column":37}},"loc":{"start":{"line":16,"column":42},"end":{"line":16,"column":44}},"line":16},"3":{"name":"(anonymous_3)","decl":{"start":{"line":16,"column":54},"end":{"line":16,"column":55}},"loc":{"start":{"line":16,"column":60},"end":{"line":16,"column":62}},"line":16},"4":{"name":"(anonymous_4)","decl":{"start":{"line":16,"column":79},"end":{"line":16,"column":80}},"loc":{"start":{"line":16,"column":85},"end":{"line":16,"column":87}},"line":16},"5":{"name":"(anonymous_5)","decl":{"start":{"line":17,"column":12},"end":{"line":17,"column":13}},"loc":{"start":{"line":17,"column":24},"end":{"line":17,"column":26}},"line":17},"6":{"name":"(anonymous_6)","decl":{"start":{"line":17,"column":37},"end":{"line":17,"column":38}},"loc":{"start":{"line":17,"column":49},"end":{"line":17,"column":51}},"line":17},"7":{"name":"(anonymous_7)","decl":{"start":{"line":17,"column":63},"end":{"line":17,"column":64}},"loc":{"start":{"line":17,"column":75},"end":{"line":17,"column":77}},"line":17},"8":{"name":"(anonymous_8)","decl":{"start":{"line":18,"column":14},"end":{"line":18,"column":15}},"loc":{"start":{"line":18,"column":26},"end":{"line":18,"column":28}},"line":18},"9":{"name":"(anonymous_9)","decl":{"start":{"line":18,"column":38},"end":{"line":18,"column":39}},"loc":{"start":{"line":18,"column":50},"end":{"line":18,"column":52}},"line":18},"10":{"name":"(anonymous_10)","decl":{"start":{"line":18,"column":63},"end":{"line":18,"column":64}},"loc":{"start":{"line":18,"column":75},"end":{"line":18,"column":77}},"line":18},"11":{"name":"(anonymous_11)","decl":{"start":{"line":20,"column":18},"end":{"line":20,"column":19}},"loc":{"start":{"line":20,"column":30},"end":{"line":20,"column":32}},"line":20},"12":{"name":"(anonymous_12)","decl":{"start":{"line":21,"column":10},"end":{"line":21,"column":11}},"loc":{"start":{"line":21,"column":22},"end":{"line":21,"column":24}},"line":21}},"branchMap":{"0":{"loc":{"start":{"line":8,"column":15},"end":{"line":8,"column":51}},"type":"binary-expr","locations":[{"start":{"line":8,"column":15},"end":{"line":8,"column":34}},{"start":{"line":8,"column":38},"end":{"line":8,"column":51}}],"line":8},"1":{"loc":{"start":{"line":11,"column":0},"end":{"line":33,"column":1}},"type":"if","locations":[{"start":{"line":11,"column":0},"end":{"line":33,"column":1}},{"start":{"line":23,"column":7},"end":{"line":33,"column":1}}],"line":11},"2":{"loc":{"start":{"line":27,"column":13},"end":{"line":27,"column":73}},"type":"cond-expr","locations":[{"start":{"line":27,"column":54},"end":{"line":27,"column":65}},{"start":{"line":27,"column":68},"end":{"line":27,"column":73}}],"line":27}},"s":{"0":1,"1":1,"2":1,"3":1,"4":1,"5":0,"6":0,"7":0,"8":0,"9":1,"10":1},"f":{"0":0,"1":0,"2":0,"3":0,"4":0,"5":0,"6":0,"7":0,"8":0,"9":0,"10":0,"11":0,"12":0},"b":{"0":[1,0],"1":[0,1],"2":[0,1]},"_coverageSchema":"1a1c01bbd47fc00a2c39e90264f33305004495a9","hash":"4bad7434b26e134d26c9e1549d54c44fdc741532"}
,"C:\\Users\\Kesha\\Downloads\\trial\\server\\config\\supabase.js": {"path":"C:\\Users\\Kesha\\Downloads\\trial\\server\\config\\supabase.js","statementMap":{"0":{"start":{"line":2,"column":25},"end":{"line":2,"column":57}},"1":{"start":{"line":3,"column":0},"end":{"line":3,"column":27}},"2":{"start":{"line":5,"column":20},"end":{"line":5,"column":44}},"3":{"start":{"line":6,"column":20},"end":{"line":6,"column":57}},"4":{"start":{"line":8,"column":0},"end":{"line":13,"column":1}},"5":{"start":{"line":9,"column":19},"end":{"line":10,"column":123}},"6":{"start":{"line":11,"column":2},"end":{"line":11,"column":26}},"7":{"start":{"line":15,"column":17},"end":{"line":15,"column":113}},"8":{"start":{"line":17,"column":0},"end":{"line":17,"column":26}}},"fnMap":{},"branchMap":{"0":{"loc":{"start":{"line":8,"column":0},"end":{"line":13,"column":1}},"type":"if","locations":[{"start":{"line":8,"column":0},"end":{"line":13,"column":1}},{"start":{},"end":{}}],"line":8},"1":{"loc":{"start":{"line":8,"column":4},"end":{"line":8,"column":32}},"type":"binary-expr","locations":[{"start":{"line":8,"column":4},"end":{"line":8,"column":16}},{"start":{"line":8,"column":20},"end":{"line":8,"column":32}}],"line":8},"2":{"loc":{"start":{"line":15,"column":30},"end":{"line":15,"column":78}},"type":"binary-expr","locations":[{"start":{"line":15,"column":30},"end":{"line":15,"column":41}},{"start":{"line":15,"column":45},"end":{"line":15,"column":78}}],"line":15},"3":{"loc":{"start":{"line":15,"column":80},"end":{"line":15,"column":112}},"type":"binary-expr","locations":[{"start":{"line":15,"column":80},"end":{"line":15,"column":91}},{"start":{"line":15,"column":95},"end":{"line":15,"column":112}}],"line":15}},"s":{"0":1,"1":1,"2":1,"3":1,"4":1,"5":0,"6":0,"7":1,"8":1},"f":{},"b":{"0":[0,1],"1":[1,1],"2":[1,0],"3":[1,0]},"_coverageSchema":"1a1c01bbd47fc00a2c39e90264f33305004495a9","hash":"75f3457540e6279e798fb7ab16cd9fe4c17e5c74"}
,"C:\\Users\\Kesha\\Downloads\\trial\\server\\models\\Batch.js": {"path":"C:\\Users\\Kesha\\Downloads\\trial\\server\\models\\Batch.js","statementMap":{"0":{"start":{"line":4,"column":22},"end":{"line":4,"column":42}},"1":{"start":{"line":5,"column":18},"end":{"line":5,"column":41}},"2":{"start":{"line":7,"column":14},"end":{"line":63,"column":2}},"3":{"start":{"line":48,"column":18},"end":{"line":48,"column":60}},"4":{"start":{"line":49,"column":6},"end":{"line":49,"column":40}},"5":{"start":{"line":52,"column":6},"end":{"line":52,"column":70}},"6":{"start":{"line":65,"column":0},"end":{"line":65,"column":23}}},"fnMap":{"0":{"name":"(anonymous_0)","decl":{"start":{"line":47,"column":4},"end":{"line":47,"column":5}},"loc":{"start":{"line":47,"column":10},"end":{"line":50,"column":5}},"line":47},"1":{"name":"(anonymous_1)","decl":{"start":{"line":51,"column":4},"end":{"line":51,"column":5}},"loc":{"start":{"line":51,"column":13},"end":{"line":53,"column":5}},"line":51}},"branchMap":{"0":{"loc":{"start":{"line":49,"column":13},"end":{"line":49,"column":39}},"type":"cond-expr","locations":[{"start":{"line":49,"column":19},"end":{"line":49,"column":34}},{"start":{"line":49,"column":37},"end":{"line":49,"column":39}}],"line":49}},"s":{"0":1,"1":1,"2":1,"3":0,"4":0,"5":0,"6":1},"f":{"0":0,"1":0},"b":{"0":[0,0]},"_coverageSchema":"1a1c01bbd47fc00a2c39e90264f33305004495a9","hash":"961a4dd97cf2a435dc541a4a6db2edaefd5c0204"}
,"C:\\Users\\Kesha\\Downloads\\trial\\server\\models\\FinishedGood.js": {"path":"C:\\Users\\Kesha\\Downloads\\trial\\server\\models\\FinishedGood.js","statementMap":{"0":{"start":{"line":4,"column":22},"end":{"line":4,"column":42}},"1":{"start":{"line":5,"column":18},"end":{"line":5,"column":41}},"2":{"start":{"line":6,"column":14},"end":{"line":6,"column":32}},"3":{"start":{"line":8,"column":21},"end":{"line":56,"column":2}},"4":{"start":{"line":59,"column":0},"end":{"line":59,"column":70}},"5":{"start":{"line":61,"column":0},"end":{"line":61,"column":30}}},"fnMap":{},"branchMap":{},"s":{"0":1,"1":1,"2":1,"3":1,"4":1,"5":1},"f":{},"b":{},"_coverageSchema":"1a1c01bbd47fc00a2c39e90264f33305004495a9","hash":"fac517965f26b84fe0e7db87469a5f4e46745617"}
,"C:\\Users\\Kesha\\Downloads\\trial\\server\\models\\Order.js": {"path":"C:\\Users\\Kesha\\Downloads\\trial\\server\\models\\Order.js","statementMap":{"0":{"start":{"line":3,"column":22},"end":{"line":3,"column":42}},"1":{"start":{"line":4,"column":18},"end":{"line":4,"column":41}},"2":{"start":{"line":6,"column":14},"end":{"line":166,"column":2}},"3":{"start":{"line":168,"column":0},"end":{"line":168,"column":23}}},"fnMap":{},"branchMap":{},"s":{"0":1,"1":1,"2":1,"3":1},"f":{},"b":{},"_coverageSchema":"1a1c01bbd47fc00a2c39e90264f33305004495a9","hash":"2dbdd1532fc232b69cb351f3ba8118da797a2114"}
,"C:\\Users\\Kesha\\Downloads\\trial\\server\\models\\OrderItem.js": {"path":"C:\\Users\\Kesha\\Downloads\\trial\\server\\models\\OrderItem.js","statementMap":{"0":{"start":{"line":3,"column":22},"end":{"line":3,"column":42}},"1":{"start":{"line":4,"column":18},"end":{"line":4,"column":41}},"2":{"start":{"line":5,"column":14},"end":{"line":5,"column":32}},"3":{"start":{"line":7,"column":18},"end":{"line":46,"column":2}},"4":{"start":{"line":48,"column":0},"end":{"line":48,"column":65}},"5":{"start":{"line":49,"column":0},"end":{"line":49,"column":67}},"6":{"start":{"line":51,"column":0},"end":{"line":51,"column":27}}},"fnMap":{},"branchMap":{},"s":{"0":1,"1":1,"2":1,"3":1,"4":1,"5":1,"6":1},"f":{},"b":{},"_coverageSchema":"1a1c01bbd47fc00a2c39e90264f33305004495a9","hash":"03c99042ed0e84a7cef1e3f79d99e18021528d63"}
,"C:\\Users\\Kesha\\Downloads\\trial\\server\\services\\codService.js": {"path":"C:\\Users\\Kesha\\Downloads\\trial\\server\\services\\codService.js","statementMap":{"0":{"start":{"line":5,"column":22},"end":{"line":5,"column":24}},"1":{"start":{"line":13,"column":26},"end":{"line":13,"column":66}},"2":{"start":{"line":15,"column":2},"end":{"line":22,"column":3}},"3":{"start":{"line":16,"column":4},"end":{"line":21,"column":6}},"4":{"start":{"line":24,"column":22},"end":{"line":24,"column":53}},"5":{"start":{"line":25,"column":22},"end":{"line":25,"column":94}},"6":{"start":{"line":27,"column":2},"end":{"line":35,"column":4}},"7":{"start":{"line":44,"column":2},"end":{"line":44,"column":43}},"8":{"start":{"line":44,"column":20},"end":{"line":44,"column":43}},"9":{"start":{"line":45,"column":2},"end":{"line":50,"column":3}},"10":{"start":{"line":46,"column":4},"end":{"line":49,"column":6}},"11":{"start":{"line":51,"column":2},"end":{"line":51,"column":25}},"12":{"start":{"line":58,"column":2},"end":{"line":58,"column":103}},"13":{"start":{"line":61,"column":0},"end":{"line":61,"column":95}}},"fnMap":{"0":{"name":"applyCODLogic","decl":{"start":{"line":12,"column":9},"end":{"line":12,"column":22}},"loc":{"start":{"line":12,"column":34},"end":{"line":36,"column":1}},"line":12},"1":{"name":"isCODReadyForDispatch","decl":{"start":{"line":43,"column":9},"end":{"line":43,"column":30}},"loc":{"start":{"line":43,"column":38},"end":{"line":52,"column":1}},"line":43},"2":{"name":"getPendingCODMessage","decl":{"start":{"line":57,"column":9},"end":{"line":57,"column":29}},"loc":{"start":{"line":57,"column":37},"end":{"line":59,"column":1}},"line":57}},"branchMap":{"0":{"loc":{"start":{"line":13,"column":26},"end":{"line":13,"column":66}},"type":"cond-expr","locations":[{"start":{"line":13,"column":60},"end":{"line":13,"column":61}},{"start":{"line":13,"column":64},"end":{"line":13,"column":66}}],"line":13},"1":{"loc":{"start":{"line":15,"column":2},"end":{"line":22,"column":3}},"type":"if","locations":[{"start":{"line":15,"column":2},"end":{"line":22,"column":3}},{"start":{},"end":{}}],"line":15},"2":{"loc":{"start":{"line":25,"column":64},"end":{"line":25,"column":93}},"type":"binary-expr","locations":[{"start":{"line":25,"column":64},"end":{"line":25,"column":88}},{"start":{"line":25,"column":92},"end":{"line":25,"column":93}}],"line":25},"3":{"loc":{"start":{"line":44,"column":2},"end":{"line":44,"column":43}},"type":"if","locations":[{"start":{"line":44,"column":2},"end":{"line":44,"column":43}},{"start":{},"end":{}}],"line":44},"4":{"loc":{"start":{"line":45,"column":2},"end":{"line":50,"column":3}},"type":"if","locations":[{"start":{"line":45,"column":2},"end":{"line":50,"column":3}},{"start":{},"end":{}}],"line":45}},"s":{"0":1,"1":2,"2":2,"3":1,"4":1,"5":1,"6":1,"7":1,"8":0,"9":1,"10":1,"11":0,"12":0,"13":1},"f":{"0":2,"1":1,"2":0},"b":{"0":[0,2],"1":[1,1],"2":[1,1],"3":[0,1],"4":[1,0]},"_coverageSchema":"1a1c01bbd47fc00a2c39e90264f33305004495a9","hash":"a83519e2f5afa0f6a6831f756b3856d53c943cf0"}
,"C:\\Users\\Kesha\\Downloads\\trial\\server\\services\\fefoService.js": {"path":"C:\\Users\\Kesha\\Downloads\\trial\\server\\services\\fefoService.js","statementMap":{"0":{"start":{"line":2,"column":17},"end":{"line":2,"column":46}},"1":{"start":{"line":4,"column":28},"end":{"line":4,"column":30}},"2":{"start":{"line":10,"column":35},"end":{"line":16,"column":13}},"3":{"start":{"line":18,"column":2},"end":{"line":18,"column":61}},"4":{"start":{"line":18,"column":49},"end":{"line":18,"column":61}},"5":{"start":{"line":19,"column":2},"end":{"line":19,"column":20}},"6":{"start":{"line":27,"column":47},"end":{"line":31,"column":13}},"7":{"start":{"line":33,"column":2},"end":{"line":35,"column":3}},"8":{"start":{"line":34,"column":4},"end":{"line":34,"column":65}},"9":{"start":{"line":37,"column":2},"end":{"line":39,"column":3}},"10":{"start":{"line":38,"column":4},"end":{"line":38,"column":122}},"11":{"start":{"line":41,"column":17},"end":{"line":41,"column":53}},"12":{"start":{"line":43,"column":33},"end":{"line":46,"column":19}},"13":{"start":{"line":48,"column":2},"end":{"line":48,"column":37}},"14":{"start":{"line":48,"column":19},"end":{"line":48,"column":37}},"15":{"start":{"line":50,"column":2},"end":{"line":50,"column":76}},"16":{"start":{"line":57,"column":26},"end":{"line":60,"column":46}},"17":{"start":{"line":62,"column":2},"end":{"line":62,"column":23}},"18":{"start":{"line":62,"column":13},"end":{"line":62,"column":23}},"19":{"start":{"line":63,"column":2},"end":{"line":63,"column":14}},"20":{"start":{"line":70,"column":26},"end":{"line":74,"column":13}},"21":{"start":{"line":76,"column":2},"end":{"line":76,"column":31}},"22":{"start":{"line":76,"column":22},"end":{"line":76,"column":31}},"23":{"start":{"line":77,"column":2},"end":{"line":77,"column":29}},"24":{"start":{"line":80,"column":0},"end":{"line":80,"column":81}}},"fnMap":{"0":{"name":"getNextBatch","decl":{"start":{"line":9,"column":15},"end":{"line":9,"column":27}},"loc":{"start":{"line":9,"column":33},"end":{"line":20,"column":1}},"line":9},"1":{"name":"deductStock","decl":{"start":{"line":25,"column":15},"end":{"line":25,"column":26}},"loc":{"start":{"line":25,"column":45},"end":{"line":51,"column":1}},"line":25},"2":{"name":"getLowStockAlerts","decl":{"start":{"line":56,"column":15},"end":{"line":56,"column":32}},"loc":{"start":{"line":56,"column":35},"end":{"line":64,"column":1}},"line":56},"3":{"name":"getTotalStock","decl":{"start":{"line":69,"column":15},"end":{"line":69,"column":28}},"loc":{"start":{"line":69,"column":34},"end":{"line":78,"column":1}},"line":69}},"branchMap":{"0":{"loc":{"start":{"line":18,"column":2},"end":{"line":18,"column":61}},"type":"if","locations":[{"start":{"line":18,"column":2},"end":{"line":18,"column":61}},{"start":{},"end":{}}],"line":18},"1":{"loc":{"start":{"line":18,"column":6},"end":{"line":18,"column":47}},"type":"binary-expr","locations":[{"start":{"line":18,"column":6},"end":{"line":18,"column":11}},{"start":{"line":18,"column":15},"end":{"line":18,"column":23}},{"start":{"line":18,"column":27},"end":{"line":18,"column":47}}],"line":18},"2":{"loc":{"start":{"line":33,"column":2},"end":{"line":35,"column":3}},"type":"if","locations":[{"start":{"line":33,"column":2},"end":{"line":35,"column":3}},{"start":{},"end":{}}],"line":33},"3":{"loc":{"start":{"line":33,"column":6},"end":{"line":33,"column":28}},"type":"binary-expr","locations":[{"start":{"line":33,"column":6},"end":{"line":33,"column":16}},{"start":{"line":33,"column":20},"end":{"line":33,"column":28}}],"line":33},"4":{"loc":{"start":{"line":37,"column":2},"end":{"line":39,"column":3}},"type":"if","locations":[{"start":{"line":37,"column":2},"end":{"line":39,"column":3}},{"start":{},"end":{}}],"line":37},"5":{"loc":{"start":{"line":48,"column":2},"end":{"line":48,"column":37}},"type":"if","locations":[{"start":{"line":48,"column":2},"end":{"line":48,"column":37}},{"start":{},"end":{}}],"line":48},"6":{"loc":{"start":{"line":62,"column":2},"end":{"line":62,"column":23}},"type":"if","locations":[{"start":{"line":62,"column":2},"end":{"line":62,"column":23}},{"start":{},"end":{}}],"line":62},"7":{"loc":{"start":{"line":76,"column":2},"end":{"line":76,"column":31}},"type":"if","locations":[{"start":{"line":76,"column":2},"end":{"line":76,"column":31}},{"start":{},"end":{}}],"line":76},"8":{"loc":{"start":{"line":76,"column":6},"end":{"line":76,"column":20}},"type":"binary-expr","locations":[{"start":{"line":76,"column":6},"end":{"line":76,"column":11}},{"start":{"line":76,"column":15},"end":{"line":76,"column":20}}],"line":76}},"s":{"0":1,"1":1,"2":1,"3":1,"4":1,"5":0,"6":3,"7":3,"8":3,"9":0,"10":0,"11":0,"12":0,"13":0,"14":0,"15":0,"16":0,"17":0,"18":0,"19":0,"20":1,"21":1,"22":1,"23":0,"24":1},"f":{"0":1,"1":3,"2":0,"3":1},"b":{"0":[1,0],"1":[1,1,1],"2":[3,0],"3":[3,0],"4":[0,0],"5":[0,0],"6":[0,0],"7":[1,0],"8":[1,0]},"_coverageSchema":"1a1c01bbd47fc00a2c39e90264f33305004495a9","hash":"fb8bbff36fee0a6a6b1f092e9d12890046e49b51"}
}
