TN:
SF:config\db.js
FN:15,(anonymous_0)
FN:16,(anonymous_1)
FN:16,(anonymous_2)
FN:16,(anonymous_3)
FN:16,(anonymous_4)
FN:17,(anonymous_5)
FN:17,(anonymous_6)
FN:17,(anonymous_7)
FN:18,(anonymous_8)
FN:18,(anonymous_9)
FN:18,(anonymous_10)
FN:20,(anonymous_11)
FN:21,(anonymous_12)
FNF:13
FNH:0
FNDA:0,(anonymous_0)
FNDA:0,(anonymous_1)
FNDA:0,(anonymous_2)
FNDA:0,(anonymous_3)
FNDA:0,(anonymous_4)
FNDA:0,(anonymous_5)
FNDA:0,(anonymous_6)
FNDA:0,(anonymous_7)
FNDA:0,(anonymous_8)
FNDA:0,(anonymous_9)
FNDA:0,(anonymous_10)
FNDA:0,(anonymous_11)
FNDA:0,(anonymous_12)
DA:4,1
DA:5,1
DA:6,1
DA:8,1
DA:11,1
DA:13,0
DA:14,0
DA:15,0
DA:17,0
DA:24,1
DA:35,1
LF:11
LH:7
BRDA:8,0,0,1
BRDA:8,0,1,0
BRDA:11,1,0,0
BRDA:11,1,1,1
BRDA:27,2,0,0
BRDA:27,2,1,1
BRF:6
BRH:3
end_of_record
TN:
SF:config\supabase.js
FNF:0
FNH:0
DA:2,1
DA:3,1
DA:5,1
DA:6,1
DA:8,1
DA:9,0
DA:11,0
DA:15,1
DA:17,1
LF:9
LH:7
BRDA:8,0,0,0
BRDA:8,0,1,1
BRDA:8,1,0,1
BRDA:8,1,1,1
BRDA:15,2,0,1
BRDA:15,2,1,0
BRDA:15,3,0,1
BRDA:15,3,1,0
BRF:8
BRH:5
end_of_record
TN:
SF:models\Batch.js
FN:47,(anonymous_0)
FN:51,(anonymous_1)
FNF:2
FNH:0
FNDA:0,(anonymous_0)
FNDA:0,(anonymous_1)
DA:4,1
DA:5,1
DA:7,1
DA:48,0
DA:49,0
DA:52,0
DA:65,1
LF:7
LH:4
BRDA:49,0,0,0
BRDA:49,0,1,0
BRF:2
BRH:0
end_of_record
TN:
SF:models\FinishedGood.js
FNF:0
FNH:0
DA:4,1
DA:5,1
DA:6,1
DA:8,1
DA:59,1
DA:61,1
LF:6
LH:6
BRF:0
BRH:0
end_of_record
TN:
SF:models\Order.js
FNF:0
FNH:0
DA:3,1
DA:4,1
DA:6,1
DA:168,1
LF:4
LH:4
BRF:0
BRH:0
end_of_record
TN:
SF:models\OrderItem.js
FNF:0
FNH:0
DA:3,1
DA:4,1
DA:5,1
DA:7,1
DA:48,1
DA:49,1
DA:51,1
LF:7
LH:7
BRF:0
BRH:0
end_of_record
TN:
SF:services\codService.js
FN:12,applyCODLogic
FN:43,isCODReadyForDispatch
FN:57,getPendingCODMessage
FNF:3
FNH:2
FNDA:2,applyCODLogic
FNDA:1,isCODReadyForDispatch
FNDA:0,getPendingCODMessage
DA:5,1
DA:13,2
DA:15,2
DA:16,1
DA:24,1
DA:25,1
DA:27,1
DA:44,1
DA:45,1
DA:46,1
DA:51,0
DA:58,0
DA:61,1
LF:13
LH:11
BRDA:13,0,0,0
BRDA:13,0,1,2
BRDA:15,1,0,1
BRDA:15,1,1,1
BRDA:25,2,0,1
BRDA:25,2,1,1
BRDA:44,3,0,0
BRDA:44,3,1,1
BRDA:45,4,0,1
BRDA:45,4,1,0
BRF:10
BRH:7
end_of_record
TN:
SF:services\fefoService.js
FN:9,getNextBatch
FN:25,deductStock
FN:56,getLowStockAlerts
FN:69,getTotalStock
FNF:4
FNH:3
FNDA:1,getNextBatch
FNDA:3,deductStock
FNDA:0,getLowStockAlerts
FNDA:1,getTotalStock
DA:2,1
DA:4,1
DA:10,1
DA:18,1
DA:19,0
DA:27,3
DA:33,3
DA:34,3
DA:37,0
DA:38,0
DA:41,0
DA:43,0
DA:48,0
DA:50,0
DA:57,0
DA:62,0
DA:63,0
DA:70,1
DA:76,1
DA:77,0
DA:80,1
LF:21
LH:10
BRDA:18,0,0,1
BRDA:18,0,1,0
BRDA:18,1,0,1
BRDA:18,1,1,1
BRDA:18,1,2,1
BRDA:33,2,0,3
BRDA:33,2,1,0
BRDA:33,3,0,3
BRDA:33,3,1,0
BRDA:37,4,0,0
BRDA:37,4,1,0
BRDA:48,5,0,0
BRDA:48,5,1,0
BRDA:62,6,0,0
BRDA:62,6,1,0
BRDA:76,7,0,1
BRDA:76,7,1,0
BRDA:76,8,0,1
BRDA:76,8,1,0
BRF:19
BRH:8
end_of_record
